<?xml version="1.0" encoding="UTF-8"?>
<robot generator="Robot 6.1.1 (Python 3.11.5 on win32)" generated="20230928 21:36:38.420" rpa="false" schemaversion="4">
<suite id="s1" name="Test04" source="c:\Users\samia\LES COURS BOIS DE BOLOGNES\Session Automne\TECHNIQUES D'AUTOMATISATION DE TESTS\Seance3\Testcases\test04.robot">
<test id="s1-t1" name="Tc01 login test" line="10">
<kw name="Se connecter a l'application orange demo">
<arg>${url}</arg>
<arg>${browser}</arg>
<kw name="Open Browser" library="SeleniumLibrary">
<arg>${Myurl}</arg>
<arg>${Mybrowser}</arg>
<doc>Opens a new browser instance to the optional ``url``.</doc>
<msg timestamp="20230928 21:36:38.617" level="INFO">Opening browser 'edge' to base url 'https://opensource-demo.orangehrmlive.com/web/index.php/auth/login'.</msg>
<msg timestamp="20230928 21:36:39.137" level="WARN">The msedgedriver version (116.0.1938.76) detected in PATH at C:\Users\samia\AppData\Local\Programs\Python\Python311\Scripts\msedgedriver.exe might not be compatible with the detected edge version (117.0.2045.31); currently, msedgedriver 117.0.2045.43 is recommended for edge 117.*, so it is advised to delete the driver in PATH and retry</msg>
<status status="PASS" starttime="20230928 21:36:38.616" endtime="20230928 21:36:42.164"/>
</kw>
<kw name="Maximize Browser Window" library="SeleniumLibrary">
<doc>Maximizes current browser window.</doc>
<status status="PASS" starttime="20230928 21:36:42.164" endtime="20230928 21:36:42.295"/>
</kw>
<kw name="Sleep" library="BuiltIn">
<arg>3</arg>
<doc>Pauses the test executed for the given time.</doc>
<msg timestamp="20230928 21:36:45.296" level="INFO">Slept 3 seconds</msg>
<status status="PASS" starttime="20230928 21:36:42.295" endtime="20230928 21:36:45.297"/>
</kw>
<status status="PASS" starttime="20230928 21:36:38.616" endtime="20230928 21:36:45.297"/>
</kw>
<kw name="Saisir le nom d'utilisation">
<kw name="Clear Element Text" library="SeleniumLibrary">
<arg>name:username</arg>
<doc>Clears the value of the text-input-element identified by ``locator``.</doc>
<status status="PASS" starttime="20230928 21:36:45.299" endtime="20230928 21:36:45.386"/>
</kw>
<kw name="Input Text" library="SeleniumLibrary">
<arg>name:username</arg>
<arg>Admin</arg>
<doc>Types the given ``text`` into the text field identified by ``locator``.</doc>
<msg timestamp="20230928 21:36:45.387" level="INFO">Typing text 'Admin' into text field 'name:username'.</msg>
<status status="PASS" starttime="20230928 21:36:45.386" endtime="20230928 21:36:45.473"/>
</kw>
<status status="PASS" starttime="20230928 21:36:45.298" endtime="20230928 21:36:45.473"/>
</kw>
<kw name="Saisir le mot de passe">
<kw name="Clear Element Text" library="SeleniumLibrary">
<arg>name:password</arg>
<doc>Clears the value of the text-input-element identified by ``locator``.</doc>
<status status="PASS" starttime="20230928 21:36:45.474" endtime="20230928 21:36:45.510"/>
</kw>
<kw name="Input Password" library="SeleniumLibrary">
<arg>name:password</arg>
<arg>admin123</arg>
<doc>Types the given password into the text field identified by ``locator``.</doc>
<msg timestamp="20230928 21:36:45.511" level="INFO">Typing password into text field 'name:password'.</msg>
<msg timestamp="20230928 21:36:45.549" level="INFO">Temporally setting log level to: NONE</msg>
<msg timestamp="20230928 21:36:45.641" level="INFO">Log level changed from NONE to INFO.</msg>
<status status="PASS" starttime="20230928 21:36:45.510" endtime="20230928 21:36:45.641"/>
</kw>
<status status="PASS" starttime="20230928 21:36:45.473" endtime="20230928 21:36:45.641"/>
</kw>
<kw name=" Cliquer sur le bouton login">
<kw name="Click Button" library="SeleniumLibrary">
<arg>xpath://Button</arg>
<doc>Clicks the button identified by ``locator``.</doc>
<msg timestamp="20230928 21:36:45.643" level="INFO">Clicking button 'xpath://Button'.</msg>
<status status="PASS" starttime="20230928 21:36:45.643" endtime="20230928 21:36:46.613"/>
</kw>
<kw name="Sleep" library="BuiltIn">
<arg>3</arg>
<doc>Pauses the test executed for the given time.</doc>
<msg timestamp="20230928 21:36:49.613" level="INFO">Slept 3 seconds</msg>
<status status="PASS" starttime="20230928 21:36:46.613" endtime="20230928 21:36:49.613"/>
</kw>
<status status="PASS" starttime="20230928 21:36:45.642" endtime="20230928 21:36:49.613"/>
</kw>
<kw name="Valider l affichage de la page d'accueil">
<kw name="Element Text Should Be" library="SeleniumLibrary">
<arg>xpath://h6</arg>
<arg>Dashboard</arg>
<doc>Verifies that element ``locator`` contains exact the text ``expected``.</doc>
<msg timestamp="20230928 21:36:49.617" level="INFO">Verifying element 'xpath://h6' contains exact text 'Dashboard'.</msg>
<status status="PASS" starttime="20230928 21:36:49.616" endtime="20230928 21:36:49.646"/>
</kw>
<status status="PASS" starttime="20230928 21:36:49.615" endtime="20230928 21:36:49.646"/>
</kw>
<kw name=" fermer l application">
<kw name="Close Browser" library="SeleniumLibrary">
<doc>Closes the current browser.</doc>
<status status="PASS" starttime="20230928 21:36:49.647" endtime="20230928 21:36:51.991"/>
</kw>
<status status="PASS" starttime="20230928 21:36:49.647" endtime="20230928 21:36:51.992"/>
</kw>
<status status="PASS" starttime="20230928 21:36:38.614" endtime="20230928 21:36:51.994"/>
</test>
<status status="PASS" starttime="20230928 21:36:38.426" endtime="20230928 21:36:51.999"/>
</suite>
<statistics>
<total>
<stat pass="1" fail="0" skip="0">All Tests</stat>
</total>
<tag>
</tag>
<suite>
<stat pass="1" fail="0" skip="0" id="s1" name="Test04">Test04</stat>
</suite>
</statistics>
<errors>
<msg timestamp="20230928 21:36:39.137" level="WARN">The msedgedriver version (116.0.1938.76) detected in PATH at C:\Users\samia\AppData\Local\Programs\Python\Python311\Scripts\msedgedriver.exe might not be compatible with the detected edge version (117.0.2045.31); currently, msedgedriver 117.0.2045.43 is recommended for edge 117.*, so it is advised to delete the driver in PATH and retry</msg>
</errors>
</robot>
