<?xml version="1.0" encoding="UTF-8"?>
<robot generator="Robot 6.1.1 (Python 3.11.5 on win32)" generated="20230921 21:34:59.987" rpa="false" schemaversion="4">
<suite id="s1" name="Test01" source="c:\Users\samia\LES COURS BOIS DE BOLOGNES\Session Automne\TECHNIQUES D'AUTOMATISATION DE TESTS\Seance3\Testcases\Test01.robot">
<test id="s1-t1" name="tc001 login Test" line="9">
<kw name="Se connecter a l'application orange demo" library="ressource01">
<kw name="Open Browser" library="SeleniumLibrary">
<arg>${url}</arg>
<arg>${browser}</arg>
<doc>Opens a new browser instance to the optional ``url``.</doc>
<msg timestamp="20230921 21:35:00.187" level="INFO">Opening browser 'edge' to base url 'https://opensource-demo.orangehrmlive.com/web/index.php/auth/login'.</msg>
<msg timestamp="20230921 21:35:00.817" level="WARN">The msedgedriver version (116.0.1938.76) detected in PATH at C:\Users\samia\AppData\Local\Programs\Python\Python311\Scripts\msedgedriver.exe might not be compatible with the detected edge version (117.0.2045.31); currently, msedgedriver 117.0.2045.36 is recommended for edge 117.*, so it is advised to delete the driver in PATH and retry</msg>
<status status="PASS" starttime="20230921 21:35:00.186" endtime="20230921 21:35:15.235"/>
</kw>
<kw name="Maximize Browser Window" library="SeleniumLibrary">
<doc>Maximizes current browser window.</doc>
<status status="PASS" starttime="20230921 21:35:15.236" endtime="20230921 21:35:15.363"/>
</kw>
<kw name="Sleep" library="BuiltIn">
<arg>3</arg>
<doc>Pauses the test executed for the given time.</doc>
<msg timestamp="20230921 21:35:18.364" level="INFO">Slept 3 seconds</msg>
<status status="PASS" starttime="20230921 21:35:15.363" endtime="20230921 21:35:18.364"/>
</kw>
<status status="PASS" starttime="20230921 21:35:00.186" endtime="20230921 21:35:18.364"/>
</kw>
<kw name="Saisir le nom d'utilisation" library="ressource01">
<kw name="Clear Element Text" library="SeleniumLibrary">
<arg>name:username</arg>
<doc>Clears the value of the text-input-element identified by ``locator``.</doc>
<status status="PASS" starttime="20230921 21:35:18.367" endtime="20230921 21:35:18.424"/>
</kw>
<kw name="Input Text" library="SeleniumLibrary">
<arg>name:username</arg>
<arg>Admin</arg>
<doc>Types the given ``text`` into the text field identified by ``locator``.</doc>
<msg timestamp="20230921 21:35:18.425" level="INFO">Typing text 'Admin' into text field 'name:username'.</msg>
<status status="PASS" starttime="20230921 21:35:18.425" endtime="20230921 21:35:18.488"/>
</kw>
<status status="PASS" starttime="20230921 21:35:18.366" endtime="20230921 21:35:18.489"/>
</kw>
<kw name="Saisir le mot de passe" library="ressource01">
<kw name="Clear Element Text" library="SeleniumLibrary">
<arg>name:password</arg>
<doc>Clears the value of the text-input-element identified by ``locator``.</doc>
<status status="PASS" starttime="20230921 21:35:18.490" endtime="20230921 21:35:18.522"/>
</kw>
<kw name="Input Password" library="SeleniumLibrary">
<arg>name:password</arg>
<arg>admin123</arg>
<doc>Types the given password into the text field identified by ``locator``.</doc>
<msg timestamp="20230921 21:35:18.523" level="INFO">Typing password into text field 'name:password'.</msg>
<msg timestamp="20230921 21:35:18.552" level="INFO">Temporally setting log level to: NONE</msg>
<msg timestamp="20230921 21:35:18.602" level="INFO">Log level changed from NONE to INFO.</msg>
<status status="PASS" starttime="20230921 21:35:18.522" endtime="20230921 21:35:18.602"/>
</kw>
<status status="PASS" starttime="20230921 21:35:18.489" endtime="20230921 21:35:18.602"/>
</kw>
<kw name=" Cliquer sur le bouton login" library="ressource01">
<kw name="Click Button" library="SeleniumLibrary">
<arg>xpath://Button</arg>
<doc>Clicks the button identified by ``locator``.</doc>
<msg timestamp="20230921 21:35:18.604" level="INFO">Clicking button 'xpath://Button'.</msg>
<status status="PASS" starttime="20230921 21:35:18.603" endtime="20230921 21:35:19.617"/>
</kw>
<kw name="Sleep" library="BuiltIn">
<arg>3</arg>
<doc>Pauses the test executed for the given time.</doc>
<msg timestamp="20230921 21:35:22.618" level="INFO">Slept 3 seconds</msg>
<status status="PASS" starttime="20230921 21:35:19.618" endtime="20230921 21:35:22.618"/>
</kw>
<status status="PASS" starttime="20230921 21:35:18.603" endtime="20230921 21:35:22.618"/>
</kw>
<kw name="Valider l affichage de la page d'accueil" library="ressource01">
<kw name="Element Text Should Be" library="SeleniumLibrary">
<arg>xpath://h6</arg>
<arg>Dashboard</arg>
<doc>Verifies that element ``locator`` contains exact the text ``expected``.</doc>
<msg timestamp="20230921 21:35:22.621" level="INFO">Verifying element 'xpath://h6' contains exact text 'Dashboard'.</msg>
<status status="PASS" starttime="20230921 21:35:22.620" endtime="20230921 21:35:22.653"/>
</kw>
<status status="PASS" starttime="20230921 21:35:22.620" endtime="20230921 21:35:22.653"/>
</kw>
<kw name=" fermer l application" library="ressource01">
<kw name="Close Browser" library="SeleniumLibrary">
<doc>Closes the current browser.</doc>
<status status="PASS" starttime="20230921 21:35:22.655" endtime="20230921 21:35:24.922"/>
</kw>
<status status="PASS" starttime="20230921 21:35:22.655" endtime="20230921 21:35:24.923"/>
</kw>
<status status="PASS" starttime="20230921 21:35:00.184" endtime="20230921 21:35:24.923"/>
</test>
<status status="PASS" starttime="20230921 21:34:59.991" endtime="20230921 21:35:24.926"/>
</suite>
<statistics>
<total>
<stat pass="1" fail="0" skip="0">All Tests</stat>
</total>
<tag>
</tag>
<suite>
<stat pass="1" fail="0" skip="0" id="s1" name="Test01">Test01</stat>
</suite>
</statistics>
<errors>
<msg timestamp="20230921 21:35:00.817" level="WARN">The msedgedriver version (116.0.1938.76) detected in PATH at C:\Users\samia\AppData\Local\Programs\Python\Python311\Scripts\msedgedriver.exe might not be compatible with the detected edge version (117.0.2045.31); currently, msedgedriver 117.0.2045.36 is recommended for edge 117.*, so it is advised to delete the driver in PATH and retry</msg>
</errors>
</robot>
