<?xml version="1.0" encoding="UTF-8"?>
<robot generator="Robot 6.1.1 (Python 3.11.5 on win32)" generated="20230928 21:30:19.324" rpa="false" schemaversion="4">
<suite id="s1" name="Test03 &amp; Testcases">
<suite id="s1-s1" name="Test03" source="C:\Users\samia\LES COURS BOIS DE BOLOGNES\Session Automne\TECHNIQUES D'AUTOMATISATION DE TESTS\Seance3\Testcases\test03.robot">
<test id="s1-s1-t1" name="tc01" line="6">
<kw name="Log" library="BuiltIn">
<arg>test1</arg>
<doc>Logs the given message with the given level.</doc>
<msg timestamp="20230928 21:30:19.628" level="INFO">test1</msg>
<status status="PASS" starttime="20230928 21:30:19.628" endtime="20230928 21:30:19.628"/>
</kw>
<tag>regression</tag>
<status status="PASS" starttime="20230928 21:30:19.627" endtime="20230928 21:30:19.629"/>
</test>
<test id="s1-s1-t2" name="tc02" line="9">
<kw name="Log" library="BuiltIn">
<arg>test1</arg>
<doc>Logs the given message with the given level.</doc>
<msg timestamp="20230928 21:30:19.632" level="INFO">test1</msg>
<status status="PASS" starttime="20230928 21:30:19.632" endtime="20230928 21:30:19.632"/>
</kw>
<tag>regression</tag>
<status status="PASS" starttime="20230928 21:30:19.630" endtime="20230928 21:30:19.632"/>
</test>
<test id="s1-s1-t3" name="tc03" line="12">
<kw name="Log" library="BuiltIn">
<arg>test3</arg>
<doc>Logs the given message with the given level.</doc>
<msg timestamp="20230928 21:30:19.635" level="INFO">test3</msg>
<status status="PASS" starttime="20230928 21:30:19.634" endtime="20230928 21:30:19.635"/>
</kw>
<tag>sanity</tag>
<status status="PASS" starttime="20230928 21:30:19.634" endtime="20230928 21:30:19.636"/>
</test>
<test id="s1-s1-t4" name="tc04" line="15">
<kw name="Log" library="BuiltIn">
<arg>test4</arg>
<doc>Logs the given message with the given level.</doc>
<msg timestamp="20230928 21:30:19.638" level="INFO">test4</msg>
<status status="PASS" starttime="20230928 21:30:19.638" endtime="20230928 21:30:19.638"/>
</kw>
<tag>sanity</tag>
<status status="PASS" starttime="20230928 21:30:19.637" endtime="20230928 21:30:19.639"/>
</test>
<status status="PASS" starttime="20230928 21:30:19.349" endtime="20230928 21:30:19.640"/>
</suite>
<suite id="s1-s2" name="Testcases" source="c:">
<suite id="s1-s2-s1" name="Testcases" source="c:Testcases">
<suite id="s1-s2-s1-s1" name="Test01" source="c:Testcases\Test01.robot">
<kw name="Log" library="BuiltIn" type="SETUP">
<arg>J execute une fois avant le test</arg>
<doc>Logs the given message with the given level.</doc>
<msg timestamp="20230928 21:30:19.655" level="INFO">J execute une fois avant le test</msg>
<status status="PASS" starttime="20230928 21:30:19.654" endtime="20230928 21:30:19.655"/>
</kw>
<test id="s1-s2-s1-s1-t1" name="tc001 login Test" line="12">
<kw name="Se connecter a l'application orange demo" library="ressource01" type="SETUP">
<doc>Ce keyword  est crée par Samia</doc>
<kw name="Open Browser" library="SeleniumLibrary">
<arg>${url}</arg>
<arg>${browser}</arg>
<doc>Opens a new browser instance to the optional ``url``.</doc>
<msg timestamp="20230928 21:30:19.656" level="INFO">Opening browser 'edge' to base url 'https://opensource-demo.orangehrmlive.com/web/index.php/auth/login'.</msg>
<msg timestamp="20230928 21:30:20.535" level="WARN">The msedgedriver version (116.0.1938.76) detected in PATH at C:\Users\samia\AppData\Local\Programs\Python\Python311\Scripts\msedgedriver.exe might not be compatible with the detected edge version (117.0.2045.31); currently, msedgedriver 117.0.2045.43 is recommended for edge 117.*, so it is advised to delete the driver in PATH and retry</msg>
<status status="PASS" starttime="20230928 21:30:19.656" endtime="20230928 21:30:28.294"/>
</kw>
<kw name="Maximize Browser Window" library="SeleniumLibrary">
<doc>Maximizes current browser window.</doc>
<status status="PASS" starttime="20230928 21:30:28.294" endtime="20230928 21:30:28.425"/>
</kw>
<kw name="Sleep" library="BuiltIn">
<arg>3</arg>
<doc>Pauses the test executed for the given time.</doc>
<msg timestamp="20230928 21:30:31.426" level="INFO">Slept 3 seconds</msg>
<status status="PASS" starttime="20230928 21:30:28.426" endtime="20230928 21:30:31.426"/>
</kw>
<status status="PASS" starttime="20230928 21:30:19.655" endtime="20230928 21:30:31.426"/>
</kw>
<kw name="When Saisir le nom d'utilisation" library="ressource01">
<kw name="Clear Element Text" library="SeleniumLibrary">
<arg>name:username</arg>
<doc>Clears the value of the text-input-element identified by ``locator``.</doc>
<status status="PASS" starttime="20230928 21:30:31.427" endtime="20230928 21:30:31.516"/>
</kw>
<kw name="Input Text" library="SeleniumLibrary">
<arg>name:username</arg>
<arg>Admin</arg>
<doc>Types the given ``text`` into the text field identified by ``locator``.</doc>
<msg timestamp="20230928 21:30:31.516" level="INFO">Typing text 'Admin' into text field 'name:username'.</msg>
<status status="PASS" starttime="20230928 21:30:31.516" endtime="20230928 21:30:31.646"/>
</kw>
<status status="PASS" starttime="20230928 21:30:31.427" endtime="20230928 21:30:31.646"/>
</kw>
<kw name="And Saisir le mot de passe" library="ressource01">
<kw name="Clear Element Text" library="SeleniumLibrary">
<arg>name:password</arg>
<doc>Clears the value of the text-input-element identified by ``locator``.</doc>
<status status="PASS" starttime="20230928 21:30:31.647" endtime="20230928 21:30:31.699"/>
</kw>
<kw name="Input Password" library="SeleniumLibrary">
<arg>name:password</arg>
<arg>admin123</arg>
<doc>Types the given password into the text field identified by ``locator``.</doc>
<msg timestamp="20230928 21:30:31.700" level="INFO">Typing password into text field 'name:password'.</msg>
<msg timestamp="20230928 21:30:31.746" level="INFO">Temporally setting log level to: NONE</msg>
<msg timestamp="20230928 21:30:31.840" level="INFO">Log level changed from NONE to INFO.</msg>
<status status="PASS" starttime="20230928 21:30:31.699" endtime="20230928 21:30:31.840"/>
</kw>
<status status="PASS" starttime="20230928 21:30:31.647" endtime="20230928 21:30:31.840"/>
</kw>
<kw name="And Cliquer sur le bouton login" library="ressource01">
<kw name="Click Button" library="SeleniumLibrary">
<arg>xpath://Button</arg>
<doc>Clicks the button identified by ``locator``.</doc>
<msg timestamp="20230928 21:30:31.842" level="INFO">Clicking button 'xpath://Button'.</msg>
<status status="PASS" starttime="20230928 21:30:31.841" endtime="20230928 21:30:31.945"/>
</kw>
<kw name="Sleep" library="BuiltIn">
<arg>3</arg>
<doc>Pauses the test executed for the given time.</doc>
<msg timestamp="20230928 21:30:34.946" level="INFO">Slept 3 seconds</msg>
<status status="PASS" starttime="20230928 21:30:31.946" endtime="20230928 21:30:34.946"/>
</kw>
<status status="PASS" starttime="20230928 21:30:31.841" endtime="20230928 21:30:34.946"/>
</kw>
<kw name="then Valider l affichage de la page d'accueil" library="ressource01">
<kw name="Element Text Should Be" library="SeleniumLibrary">
<arg>xpath://h6</arg>
<arg>Dashboard</arg>
<doc>Verifies that element ``locator`` contains exact the text ``expected``.</doc>
<msg timestamp="20230928 21:30:34.947" level="INFO">Verifying element 'xpath://h6' contains exact text 'Dashboard'.</msg>
<status status="PASS" starttime="20230928 21:30:34.947" endtime="20230928 21:30:34.994"/>
</kw>
<status status="PASS" starttime="20230928 21:30:34.947" endtime="20230928 21:30:34.994"/>
</kw>
<kw name=" fermer l application" library="ressource01" type="TEARDOWN">
<kw name="Close Browser" library="SeleniumLibrary">
<doc>Closes the current browser.</doc>
<status status="PASS" starttime="20230928 21:30:34.995" endtime="20230928 21:30:37.311"/>
</kw>
<status status="PASS" starttime="20230928 21:30:34.995" endtime="20230928 21:30:37.311"/>
</kw>
<status status="PASS" starttime="20230928 21:30:19.655" endtime="20230928 21:30:37.312"/>
</test>
<kw name="Log" library="BuiltIn" type="TEARDOWN">
<arg>j execute une fois apres le test</arg>
<doc>Logs the given message with the given level.</doc>
<msg timestamp="20230928 21:30:37.314" level="INFO">j execute une fois apres le test</msg>
<status status="PASS" starttime="20230928 21:30:37.314" endtime="20230928 21:30:37.314"/>
</kw>
<doc>Cette suite de test est créee par Samia</doc>
<status status="PASS" starttime="20230928 21:30:19.647" endtime="20230928 21:30:37.314"/>
</suite>
<suite id="s1-s2-s1-s2" name="Test02" source="c:Testcases\Test02.robot">
<test id="s1-s2-s1-s2-t1" name="tc001 mon premier test" line="21">
<kw name="Log" library="BuiltIn">
<arg>${Premiere valeur}</arg>
<doc>Logs the given message with the given level.</doc>
<msg timestamp="20230928 21:30:37.321" level="INFO">100</msg>
<status status="PASS" starttime="20230928 21:30:37.321" endtime="20230928 21:30:37.321"/>
</kw>
<kw name="Log" library="BuiltIn">
<arg>${deuxieme valeur}</arg>
<doc>Logs the given message with the given level.</doc>
<msg timestamp="20230928 21:30:37.322" level="INFO">200</msg>
<status status="PASS" starttime="20230928 21:30:37.321" endtime="20230928 21:30:37.322"/>
</kw>
<kw name="Log" library="BuiltIn">
<arg>${Nom}</arg>
<doc>Logs the given message with the given level.</doc>
<msg timestamp="20230928 21:30:37.322" level="INFO">Samia</msg>
<status status="PASS" starttime="20230928 21:30:37.322" endtime="20230928 21:30:37.322"/>
</kw>
<kw name="Log" library="BuiltIn">
<arg>${troisieme valeur}</arg>
<doc>Logs the given message with the given level.</doc>
<msg timestamp="20230928 21:30:37.323" level="INFO">200,5</msg>
<status status="PASS" starttime="20230928 21:30:37.322" endtime="20230928 21:30:37.323"/>
</kw>
<kw name="Log" library="BuiltIn">
<arg>${Browser}</arg>
<doc>Logs the given message with the given level.</doc>
<msg timestamp="20230928 21:30:37.323" level="INFO">chrome</msg>
<status status="PASS" starttime="20230928 21:30:37.323" endtime="20230928 21:30:37.323"/>
</kw>
<kw name="Log" library="BuiltIn">
<arg>${Url}</arg>
<doc>Logs the given message with the given level.</doc>
<msg timestamp="20230928 21:30:37.324" level="INFO">https://www.google.com</msg>
<status status="PASS" starttime="20230928 21:30:37.323" endtime="20230928 21:30:37.324"/>
</kw>
<kw name="Log" library="BuiltIn">
<arg>${Ville}[0]</arg>
<doc>Logs the given message with the given level.</doc>
<msg timestamp="20230928 21:30:37.324" level="INFO">montreal</msg>
<status status="PASS" starttime="20230928 21:30:37.324" endtime="20230928 21:30:37.324"/>
</kw>
<kw name="Log" library="BuiltIn">
<arg>${Ville}[1] ${Ville}[2]</arg>
<doc>Logs the given message with the given level.</doc>
<msg timestamp="20230928 21:30:37.324" level="INFO">laval pierrefond</msg>
<status status="PASS" starttime="20230928 21:30:37.324" endtime="20230928 21:30:37.324"/>
</kw>
<kw name="Log" library="BuiltIn">
<arg>${Url-Env}[qa]</arg>
<doc>Logs the given message with the given level.</doc>
<msg timestamp="20230928 21:30:37.325" level="INFO">https://www.google.qa.c</msg>
<status status="PASS" starttime="20230928 21:30:37.325" endtime="20230928 21:30:37.325"/>
</kw>
<kw name="Log" library="BuiltIn">
<arg>${Url-Env}[dev]</arg>
<doc>Logs the given message with the given level.</doc>
<msg timestamp="20230928 21:30:37.325" level="INFO">https://www.google.dev.ca</msg>
<status status="PASS" starttime="20230928 21:30:37.325" endtime="20230928 21:30:37.325"/>
</kw>
<status status="PASS" starttime="20230928 21:30:37.321" endtime="20230928 21:30:37.325"/>
</test>
<test id="s1-s2-s1-s2-t2" name="tc02 mon deuxieme test" line="33">
<kw name="Log" library="BuiltIn">
<arg>${nom}</arg>
<doc>Logs the given message with the given level.</doc>
<msg timestamp="20230928 21:30:37.326" level="INFO">Samia</msg>
<status status="PASS" starttime="20230928 21:30:37.326" endtime="20230928 21:30:37.326"/>
</kw>
<status status="PASS" starttime="20230928 21:30:37.326" endtime="20230928 21:30:37.326"/>
</test>
<status status="PASS" starttime="20230928 21:30:37.316" endtime="20230928 21:30:37.327"/>
</suite>
<suite id="s1-s2-s1-s3" name="Test03" source="c:Testcases\test03.robot">
<test id="s1-s2-s1-s3-t1" name="tc01" line="6">
<kw name="Log" library="BuiltIn">
<arg>test1</arg>
<doc>Logs the given message with the given level.</doc>
<msg timestamp="20230928 21:30:37.331" level="INFO">test1</msg>
<status status="PASS" starttime="20230928 21:30:37.331" endtime="20230928 21:30:37.331"/>
</kw>
<tag>regression</tag>
<status status="PASS" starttime="20230928 21:30:37.329" endtime="20230928 21:30:37.331"/>
</test>
<test id="s1-s2-s1-s3-t2" name="tc02" line="9">
<kw name="Log" library="BuiltIn">
<arg>test1</arg>
<doc>Logs the given message with the given level.</doc>
<msg timestamp="20230928 21:30:37.332" level="INFO">test1</msg>
<status status="PASS" starttime="20230928 21:30:37.332" endtime="20230928 21:30:37.332"/>
</kw>
<tag>regression</tag>
<status status="PASS" starttime="20230928 21:30:37.331" endtime="20230928 21:30:37.332"/>
</test>
<test id="s1-s2-s1-s3-t3" name="tc03" line="12">
<kw name="Log" library="BuiltIn">
<arg>test3</arg>
<doc>Logs the given message with the given level.</doc>
<msg timestamp="20230928 21:30:37.333" level="INFO">test3</msg>
<status status="PASS" starttime="20230928 21:30:37.333" endtime="20230928 21:30:37.333"/>
</kw>
<tag>sanity</tag>
<status status="PASS" starttime="20230928 21:30:37.333" endtime="20230928 21:30:37.334"/>
</test>
<test id="s1-s2-s1-s3-t4" name="tc04" line="15">
<kw name="Log" library="BuiltIn">
<arg>test4</arg>
<doc>Logs the given message with the given level.</doc>
<msg timestamp="20230928 21:30:37.335" level="INFO">test4</msg>
<status status="PASS" starttime="20230928 21:30:37.335" endtime="20230928 21:30:37.335"/>
</kw>
<tag>sanity</tag>
<status status="PASS" starttime="20230928 21:30:37.335" endtime="20230928 21:30:37.335"/>
</test>
<status status="PASS" starttime="20230928 21:30:37.327" endtime="20230928 21:30:37.336"/>
</suite>
<suite id="s1-s2-s1-s4" name="Test04" source="c:Testcases\test04.robot">
<kw name="Log" library="BuiltIn" type="SETUP">
<arg>J execute une fois avant le test</arg>
<doc>Logs the given message with the given level.</doc>
<msg timestamp="20230928 21:30:37.343" level="INFO">J execute une fois avant le test</msg>
<status status="PASS" starttime="20230928 21:30:37.343" endtime="20230928 21:30:37.343"/>
</kw>
<test id="s1-s2-s1-s4-t1" name="Tc001 login test" line="15">
<kw name="Se connecter a l'application orange demo" type="SETUP">
<msg timestamp="20230928 21:30:37.344" level="FAIL">Keyword 'Se connecter a l'application orange demo' expected 2 arguments, got 0.</msg>
<status status="FAIL" starttime="20230928 21:30:37.344" endtime="20230928 21:30:37.344"/>
</kw>
<kw name=" fermer l application" type="TEARDOWN">
<kw name="Close Browser" library="SeleniumLibrary">
<doc>Closes the current browser.</doc>
<status status="PASS" starttime="20230928 21:30:37.344" endtime="20230928 21:30:37.344"/>
</kw>
<status status="PASS" starttime="20230928 21:30:37.344" endtime="20230928 21:30:37.344"/>
</kw>
<status status="FAIL" starttime="20230928 21:30:37.343" endtime="20230928 21:30:37.344">Setup failed:
Keyword 'Se connecter a l'application orange demo' expected 2 arguments, got 0.</status>
</test>
<kw name="Log" library="BuiltIn" type="TEARDOWN">
<arg>j execute une fois apres le test</arg>
<doc>Logs the given message with the given level.</doc>
<msg timestamp="20230928 21:30:37.346" level="INFO">j execute une fois apres le test</msg>
<status status="PASS" starttime="20230928 21:30:37.346" endtime="20230928 21:30:37.346"/>
</kw>
<doc>Cette suite de test est créee par Samia</doc>
<status status="FAIL" starttime="20230928 21:30:37.338" endtime="20230928 21:30:37.346"/>
</suite>
<status status="FAIL" starttime="20230928 21:30:19.645" endtime="20230928 21:30:37.348"/>
</suite>
<status status="FAIL" starttime="20230928 21:30:19.642" endtime="20230928 21:30:37.349"/>
</suite>
<status status="FAIL" starttime="20230928 21:30:19.326" endtime="20230928 21:30:37.351"/>
</suite>
<statistics>
<total>
<stat pass="11" fail="1" skip="0">All Tests</stat>
</total>
<tag>
<stat pass="4" fail="0" skip="0">regression</stat>
<stat pass="4" fail="0" skip="0">sanity</stat>
</tag>
<suite>
<stat pass="11" fail="1" skip="0" id="s1" name="Test03 &amp; Testcases">Test03 &amp; Testcases</stat>
<stat pass="4" fail="0" skip="0" id="s1-s1" name="Test03">Test03 &amp; Testcases.Test03</stat>
<stat pass="7" fail="1" skip="0" id="s1-s2" name="Testcases">Test03 &amp; Testcases.Testcases</stat>
<stat pass="7" fail="1" skip="0" id="s1-s2-s1" name="Testcases">Test03 &amp; Testcases.Testcases.Testcases</stat>
<stat pass="1" fail="0" skip="0" id="s1-s2-s1-s1" name="Test01">Test03 &amp; Testcases.Testcases.Testcases.Test01</stat>
<stat pass="2" fail="0" skip="0" id="s1-s2-s1-s2" name="Test02">Test03 &amp; Testcases.Testcases.Testcases.Test02</stat>
<stat pass="4" fail="0" skip="0" id="s1-s2-s1-s3" name="Test03">Test03 &amp; Testcases.Testcases.Testcases.Test03</stat>
<stat pass="0" fail="1" skip="0" id="s1-s2-s1-s4" name="Test04">Test03 &amp; Testcases.Testcases.Testcases.Test04</stat>
</suite>
</statistics>
<errors>
<msg timestamp="20230928 21:30:20.535" level="WARN">The msedgedriver version (116.0.1938.76) detected in PATH at C:\Users\samia\AppData\Local\Programs\Python\Python311\Scripts\msedgedriver.exe might not be compatible with the detected edge version (117.0.2045.31); currently, msedgedriver 117.0.2045.43 is recommended for edge 117.*, so it is advised to delete the driver in PATH and retry</msg>
</errors>
</robot>
